Started GET "/" for 127.0.0.1 at 2018-11-07 17:42:32 +0100
Processing by Rails::WelcomeController#index as HTML
  Rendering /Users/elodieletellier/.rvm/gems/ruby-2.5.1/gems/railties-5.2.1/lib/rails/templates/rails/welcome/index.html.erb
  Rendered /Users/elodieletellier/.rvm/gems/ruby-2.5.1/gems/railties-5.2.1/lib/rails/templates/rails/welcome/index.html.erb (7.9ms)
Completed 200 OK in 58ms (Views: 26.6ms | ActiveRecord: 0.0ms)


Started GET "/" for 127.0.0.1 at 2018-11-07 17:42:39 +0100
Processing by Rails::WelcomeController#index as HTML
  Rendering /Users/elodieletellier/.rvm/gems/ruby-2.5.1/gems/railties-5.2.1/lib/rails/templates/rails/welcome/index.html.erb
  Rendered /Users/elodieletellier/.rvm/gems/ruby-2.5.1/gems/railties-5.2.1/lib/rails/templates/rails/welcome/index.html.erb (4.4ms)
Completed 200 OK in 18ms (Views: 10.9ms | ActiveRecord: 0.0ms)


Started GET "/index" for 127.0.0.1 at 2018-11-07 17:42:50 +0100
  
ActionController::RoutingError (No route matches [GET] "/index"):
  
actionpack (5.2.1) lib/action_dispatch/middleware/debug_exceptions.rb:65:in `call'
web-console (3.7.0) lib/web_console/middleware.rb:135:in `call_app'
web-console (3.7.0) lib/web_console/middleware.rb:30:in `block in call'
web-console (3.7.0) lib/web_console/middleware.rb:20:in `catch'
web-console (3.7.0) lib/web_console/middleware.rb:20:in `call'
actionpack (5.2.1) lib/action_dispatch/middleware/show_exceptions.rb:33:in `call'
railties (5.2.1) lib/rails/rack/logger.rb:38:in `call_app'
railties (5.2.1) lib/rails/rack/logger.rb:26:in `block in call'
activesupport (5.2.1) lib/active_support/tagged_logging.rb:71:in `block in tagged'
activesupport (5.2.1) lib/active_support/tagged_logging.rb:28:in `tagged'
activesupport (5.2.1) lib/active_support/tagged_logging.rb:71:in `tagged'
railties (5.2.1) lib/rails/rack/logger.rb:26:in `call'
sprockets-rails (3.2.1) lib/sprockets/rails/quiet_assets.rb:13:in `call'
actionpack (5.2.1) lib/action_dispatch/middleware/remote_ip.rb:81:in `call'
actionpack (5.2.1) lib/action_dispatch/middleware/request_id.rb:27:in `call'
rack (2.0.6) lib/rack/method_override.rb:22:in `call'
rack (2.0.6) lib/rack/runtime.rb:22:in `call'
activesupport (5.2.1) lib/active_support/cache/strategy/local_cache_middleware.rb:29:in `call'
actionpack (5.2.1) lib/action_dispatch/middleware/executor.rb:14:in `call'
actionpack (5.2.1) lib/action_dispatch/middleware/static.rb:127:in `call'
rack (2.0.6) lib/rack/sendfile.rb:111:in `call'
railties (5.2.1) lib/rails/engine.rb:524:in `call'
puma (3.12.0) lib/puma/configuration.rb:225:in `call'
puma (3.12.0) lib/puma/server.rb:658:in `handle_request'
puma (3.12.0) lib/puma/server.rb:472:in `process_client'
puma (3.12.0) lib/puma/server.rb:332:in `block in run'
puma (3.12.0) lib/puma/thread_pool.rb:133:in `block in spawn_thread'
Started GET "/movies/index" for 127.0.0.1 at 2018-11-07 17:43:06 +0100
Processing by MoviesController#index as HTML
  Rendering movies/index.html.erb within layouts/application
  Rendered movies/index.html.erb within layouts/application (1.3ms)
Completed 200 OK in 768ms (Views: 761.4ms | ActiveRecord: 0.0ms)


Started GET "/movies/index" for 127.0.0.1 at 2018-11-07 17:44:48 +0100
Processing by MoviesController#index as HTML
  Rendering movies/index.html.erb within layouts/application
  Rendered movies/index.html.erb within layouts/application (1.0ms)
Completed 200 OK in 582ms (Views: 576.2ms | ActiveRecord: 0.0ms)


Started GET "/movies/index" for 127.0.0.1 at 2018-11-07 17:58:25 +0100
Processing by MoviesController#index as HTML
  Rendering movies/index.html.erb within layouts/application
  Rendered movies/index.html.erb within layouts/application (2.9ms)
Completed 200 OK in 8124ms (Views: 8112.7ms | ActiveRecord: 0.0ms)


Started GET "/movies/index" for 127.0.0.1 at 2018-11-07 18:00:25 +0100
Processing by MoviesController#index as HTML
  Rendering movies/index.html.erb within layouts/application
  Rendered movies/index.html.erb within layouts/application (0.7ms)
Completed 200 OK in 144ms (Views: 139.1ms | ActiveRecord: 0.0ms)


Started GET "/movies/index" for 127.0.0.1 at 2018-11-07 18:00:27 +0100
Processing by MoviesController#index as HTML
  Rendering movies/index.html.erb within layouts/application
  Rendered movies/index.html.erb within layouts/application (0.7ms)
Completed 200 OK in 67ms (Views: 60.8ms | ActiveRecord: 0.0ms)


Started GET "/movies/index" for 127.0.0.1 at 2018-11-07 18:04:28 +0100
Processing by MoviesController#index as HTML
  Rendering movies/index.html.erb within layouts/application
  Rendered movies/index.html.erb within layouts/application (5.4ms)
Completed 500 Internal Server Error in 477ms (ActiveRecord: 0.0ms)


  
ActionView::Template::Error (Undefined variable: "$line-height-base".):
     5:     <%= csrf_meta_tags %>
     6:     <%= csp_meta_tag %>
     7: 
     8:     <%= stylesheet_link_tag    'application', media: 'all', 'data-turbolinks-track': 'reload' %>
     9:     <%= javascript_include_tag 'application', 'data-turbolinks-track': 'reload' %>
    10:   </head>
    11: 
  
app/assets/stylesheets/_custom-forms.scss:13
app/views/layouts/application.html.erb:8:in `_app_views_layouts_application_html_erb___2600556096792129191_70252491752580'
Started GET "/movies/index" for 127.0.0.1 at 2018-11-07 18:05:10 +0100
Processing by MoviesController#index as HTML
  Rendering movies/index.html.erb within layouts/application
  Rendered movies/index.html.erb within layouts/application (0.7ms)
Completed 500 Internal Server Error in 77ms (ActiveRecord: 0.0ms)


  
ActionView::Template::Error (Undefined variable: "$line-height-base".):
     5:     <%= csrf_meta_tags %>
     6:     <%= csp_meta_tag %>
     7: 
     8:     <%= stylesheet_link_tag    'application', media: 'all', 'data-turbolinks-track': 'reload' %>
     9:     <%= javascript_include_tag 'application', 'data-turbolinks-track': 'reload' %>
    10:   </head>
    11: 
  
app/assets/stylesheets/_custom-forms.scss:13
app/views/layouts/application.html.erb:8:in `_app_views_layouts_application_html_erb___2600556096792129191_70252513256160'
Started GET "/movies/index" for 127.0.0.1 at 2018-11-07 18:06:22 +0100
Processing by MoviesController#index as HTML
  Rendering movies/index.html.erb within layouts/application
  Rendered movies/index.html.erb within layouts/application (0.6ms)
Completed 500 Internal Server Error in 57ms (ActiveRecord: 0.0ms)


  
ActionView::Template::Error (Undefined variable: "$line-height-base".):
     5:     <%= csrf_meta_tags %>
     6:     <%= csp_meta_tag %>
     7: 
     8:     <%= stylesheet_link_tag    'application', media: 'all', 'data-turbolinks-track': 'reload' %>
     9:     <%= javascript_include_tag 'application', 'data-turbolinks-track': 'reload' %>
    10:   </head>
    11:   <header>
  
app/assets/stylesheets/_custom-forms.scss:13
app/views/layouts/application.html.erb:8:in `_app_views_layouts_application_html_erb___2600556096792129191_70252483811320'
Started GET "/movies/index" for 127.0.0.1 at 2018-11-07 18:09:37 +0100
Processing by MoviesController#index as HTML
  Rendering movies/index.html.erb within layouts/application
  Rendered movies/index.html.erb within layouts/application (0.8ms)
Completed 200 OK in 112ms (Views: 107.2ms | ActiveRecord: 0.0ms)


Started GET "/movies/index" for 127.0.0.1 at 2018-11-07 18:20:12 +0100
Processing by MoviesController#index as HTML
  Rendering movies/index.html.erb within layouts/application
  Rendered movies/index.html.erb within layouts/application (2.6ms)
Completed 500 Internal Server Error in 71ms (ActiveRecord: 0.0ms)


  
ActionView::Template::Error (couldn't find file 'bootstrap.min.js' with type 'application/javascript'
Checked in these paths: 
  /Users/elodieletellier/thp/rails_folder/Hello_Movies/app/assets/config
  /Users/elodieletellier/thp/rails_folder/Hello_Movies/app/assets/images
  /Users/elodieletellier/thp/rails_folder/Hello_Movies/app/assets/javascripts
  /Users/elodieletellier/thp/rails_folder/Hello_Movies/app/assets/stylesheets
  /Users/elodieletellier/.rvm/gems/ruby-2.5.1/gems/coffee-rails-4.2.2/lib/assets/javascripts
  /Users/elodieletellier/.rvm/gems/ruby-2.5.1/gems/actioncable-5.2.1/lib/assets/compiled
  /Users/elodieletellier/.rvm/gems/ruby-2.5.1/gems/activestorage-5.2.1/app/assets/javascripts
  /Users/elodieletellier/.rvm/gems/ruby-2.5.1/gems/actionview-5.2.1/lib/assets/compiled
  /Users/elodieletellier/.rvm/gems/ruby-2.5.1/gems/turbolinks-source-5.2.0/lib/assets/javascripts
  /Users/elodieletellier/thp/rails_folder/Hello_Movies/node_modules):
     6:     <%= csp_meta_tag %>
     7: 
     8:     <%= stylesheet_link_tag    'application', media: 'all', 'data-turbolinks-track': 'reload' %>
     9:     <%= javascript_include_tag 'application', 'data-turbolinks-track': 'reload' %>
    10:   </head>
    11:   <header>
    12:     <script src="https://stackpath.bootstrapcdn.com/bootstrap/4.1.3/js/bootstrap.bundle.min.js" integrity="sha384-pjaaA8dDz/5BgdFUPX6M/9SUZv4d12SUPF0axWc+VRZkx5xU3daN+lYb49+Ax+Tl" crossorigin="anonymous"></script>
  
app/assets/javascripts/application.js:18
app/views/layouts/application.html.erb:9:in `_app_views_layouts_application_html_erb___2600556096792129191_70252524982120'
Started GET "/movies/index" for 127.0.0.1 at 2018-11-07 18:22:47 +0100
Processing by MoviesController#index as HTML
  Rendering movies/index.html.erb within layouts/application
  Rendered movies/index.html.erb within layouts/application (1.1ms)
Completed 500 Internal Server Error in 51ms (ActiveRecord: 0.0ms)


  
ActionView::Template::Error (couldn't find file 'bootstrap.min.js' with type 'application/javascript'
Checked in these paths: 
  /Users/elodieletellier/thp/rails_folder/Hello_Movies/app/assets/config
  /Users/elodieletellier/thp/rails_folder/Hello_Movies/app/assets/images
  /Users/elodieletellier/thp/rails_folder/Hello_Movies/app/assets/javascripts
  /Users/elodieletellier/thp/rails_folder/Hello_Movies/app/assets/stylesheets
  /Users/elodieletellier/.rvm/gems/ruby-2.5.1/gems/coffee-rails-4.2.2/lib/assets/javascripts
  /Users/elodieletellier/.rvm/gems/ruby-2.5.1/gems/actioncable-5.2.1/lib/assets/compiled
  /Users/elodieletellier/.rvm/gems/ruby-2.5.1/gems/activestorage-5.2.1/app/assets/javascripts
  /Users/elodieletellier/.rvm/gems/ruby-2.5.1/gems/actionview-5.2.1/lib/assets/compiled
  /Users/elodieletellier/.rvm/gems/ruby-2.5.1/gems/turbolinks-source-5.2.0/lib/assets/javascripts
  /Users/elodieletellier/thp/rails_folder/Hello_Movies/node_modules):
     6:     <%= csp_meta_tag %>
     7: 
     8:     <%= stylesheet_link_tag    'application', media: 'all', 'data-turbolinks-track': 'reload' %>
     9:     <%= javascript_include_tag 'application', 'data-turbolinks-track': 'reload' %>
    10:   </head>
    11:   <header>
    12:   
  
app/assets/javascripts/application.js:18
app/views/layouts/application.html.erb:9:in `_app_views_layouts_application_html_erb___2600556096792129191_70252519779940'
